<?xml version="1.0" encoding="UTF-8"?>
<!-- Generated by org.testng.reporters.JUnitReportReporter -->
<testsuite hostname="Navaishu" failures="0" tests="1" name="TestCases.CRMTests" time="88.219" errors="0" timestamp="2024-05-14T14:39:21 IST" skipped="0">
  <testcase classname="TestCases.CRMTests" name="crmTest" time="88.219"/>
  <system-out/>
</testsuite> <!-- TestCases.CRMTests -->
